This is pdfTeX, Version 3.14159265-2.6-1.40.21 (MiKTeX 20.7) (preloaded format=pdflatex 2020.9.28)  28 SEP 2020 23:19
entering extended mode
**./main.tex
(main.tex
LaTeX2e <2020-02-02> patch level 5
L3 programming layer <2020-09-03>
\@input{header.aux}
\openout2 = `header.aux'.

(header.tex ("C:\Program Files\MiKTeX\tex/latex/base\ifthen.sty"
Package: ifthen 2014/09/29 v1.1c Standard LaTeX ifthen package (DPC)
)
("C:\Program Files\MiKTeX\tex/generic/iftex\ifpdf.sty"
Package: ifpdf 2019/10/25 v3.4 ifpdf legacy package. Use iftex instead.

("C:\Program Files\MiKTeX\tex/generic/iftex\iftex.sty"
Package: iftex 2020/03/06 v1.0d TeX engine tests
)) pdfLaTeX
("C:\Users\Lukas Bünger\AppData\Roaming\MiKTeX\tex/latex/koma-script\scrbook.c
ls"
Document Class: scrbook 2020/07/22 v3.31 KOMA-Script document class (book)

("C:\Users\Lukas Bünger\AppData\Roaming\MiKTeX\tex/latex/koma-script\scrkbase.
sty"
Package: scrkbase 2020/07/22 v3.31 KOMA-Script package (KOMA-Script-dependent b
asics and keyval usage)

("C:\Users\Lukas Bünger\AppData\Roaming\MiKTeX\tex/latex/koma-script\scrbase.s
ty"
Package: scrbase 2020/07/22 v3.31 KOMA-Script package (KOMA-Script-independent 
basics and keyval usage)
 ("C:\Program Files\MiKTeX\tex/latex/graphics\keyval.sty"
Package: keyval 2014/10/28 v1.15 key=value parser (DPC)
\KV@toks@=\toks15
)
("C:\Users\Lukas Bünger\AppData\Roaming\MiKTeX\tex/latex/koma-script\scrlfile.
sty"
Package: scrlfile 2020/07/22 v3.31 KOMA-Script package (loading files)
)))
("C:\Users\Lukas Bünger\AppData\Roaming\MiKTeX\tex/latex/koma-script\tocbasic.
sty"
Package: tocbasic 2020/07/22 v3.31 KOMA-Script package (handling toc-files)
\scr@dte@tocline@numberwidth=\skip47
\scr@dte@tocline@numbox=\box45
)
Package tocbasic Info: babel extension for `toc' omitted
(tocbasic)             because of missing \bbl@set@language on input line 137.
Package scrbook Info: You've used standard option `11pt'.
(scrbook)             This is correct!
(scrbook)             Internally I'm using `fontsize=11pt'.
(scrbook)             If you'd like to set the option with \KOMAoptions,
(scrbook)             you'd have to use `fontsize=11pt' there
(scrbook)             instead of `11pt', too.
Class scrbook Info: File `scrsize11pt.clo' used to setup font sizes on input li
ne 2436.

("C:\Users\Lukas Bünger\AppData\Roaming\MiKTeX\tex/latex/koma-script\scrsize11
pt.clo"
File: scrsize11pt.clo 2020/07/22 v3.31 KOMA-Script font size class option (11pt
)
)
("C:\Users\Lukas Bünger\AppData\Roaming\MiKTeX\tex/latex/koma-script\typearea.
sty"
Package: typearea 2020/07/22 v3.31 KOMA-Script package (type area)
\ta@bcor=\skip48
\ta@div=\count168
Package typearea Info: You've used standard option `pdftex'.
(typearea)             This is correct!
(typearea)             Internally I'm using `pagesize=pdftex'.
(typearea)             If you'd like to set the option with \KOMAoptions,
(typearea)             you'd have to use `pagesize=pdftex' there
(typearea)             instead of `pdftex', too.
Package typearea Info: You've used standard option `a4paper'.
(typearea)             This is correct!
(typearea)             Internally I'm using `paper=a4'.
(typearea)             If you'd like to set the option with \KOMAoptions,
(typearea)             you'd have to use `paper=a4' there
(typearea)             instead of `a4paper', too.
\ta@hblk=\skip49
\ta@vblk=\skip50
\ta@temp=\skip51
\footheight=\skip52
Package typearea Info: These are the values describing the layout:
(typearea)             DIV  = 10
(typearea)             BCOR = 0.0pt
(typearea)             \paperwidth      = 597.50793pt
(typearea)              \textwidth      = 418.25555pt
(typearea)              DIV departure   = -6%
(typearea)              \evensidemargin = 47.2316pt
(typearea)              \oddsidemargin  = -12.5192pt
(typearea)             \paperheight     = 845.04694pt
(typearea)              \textheight     = 595.80026pt
(typearea)              \topmargin      = -25.16531pt
(typearea)              \headheight     = 17.0pt
(typearea)              \headsep        = 20.40001pt
(typearea)              \topskip        = 11.0pt
(typearea)              \footskip       = 47.6pt
(typearea)              \baselineskip   = 13.6pt
(typearea)              on input line 1739.
)
\c@part=\count169
\c@chapter=\count170
\c@section=\count171
\c@subsection=\count172
\c@subsubsection=\count173
\c@paragraph=\count174
\c@subparagraph=\count175
\scr@dte@chapter@maxnumwidth=\skip53
Class scrbook Info: using compatibility default `afterindent=bysign'
(scrbook)           for `\chapter on input line 5624.
\scr@dte@section@maxnumwidth=\skip54
Class scrbook Info: using compatibility default `runin=bysign'
(scrbook)           for `\section on input line 5635.
Class scrbook Info: using compatibility default `afterindent=bysign'
(scrbook)           for `\section on input line 5635.
\scr@dte@part@maxnumwidth=\skip55
Class scrbook Info: using compatibility default `afterindent=true'
(scrbook)           for `\part on input line 5644.
\scr@dte@subsection@maxnumwidth=\skip56
Class scrbook Info: using compatibility default `runin=bysign'
(scrbook)           for `\subsection on input line 5654.
Class scrbook Info: using compatibility default `afterindent=bysign'
(scrbook)           for `\subsection on input line 5654.
\scr@dte@subsubsection@maxnumwidth=\skip57
Class scrbook Info: using compatibility default `runin=bysign'
(scrbook)           for `\subsubsection on input line 5664.
Class scrbook Info: using compatibility default `afterindent=bysign'
(scrbook)           for `\subsubsection on input line 5664.
\scr@dte@paragraph@maxnumwidth=\skip58
Class scrbook Info: using compatibility default `runin=bysign'
(scrbook)           for `\paragraph on input line 5675.
Class scrbook Info: using compatibility default `afterindent=bysign'
(scrbook)           for `\paragraph on input line 5675.
\scr@dte@subparagraph@maxnumwidth=\skip59
Class scrbook Info: using compatibility default `runin=bysign'
(scrbook)           for `\subparagraph on input line 5685.
Class scrbook Info: using compatibility default `afterindent=bysign'
(scrbook)           for `\subparagraph on input line 5685.
\abovecaptionskip=\skip60
\belowcaptionskip=\skip61
\c@pti@nb@sid@b@x=\box46
Package tocbasic Info: babel extension for `lof' omitted
(tocbasic)             because of missing \bbl@set@language on input line 6928.

\scr@dte@figure@maxnumwidth=\skip62
\c@figure=\count176
Package tocbasic Info: babel extension for `lot' omitted
(tocbasic)             because of missing \bbl@set@language on input line 6949.

\scr@dte@table@maxnumwidth=\skip63
\c@table=\count177
Class scrbook Info: Redefining `\numberline' on input line 7122.
\bibindent=\dimen134
) ("C:\Program Files\MiKTeX\tex/generic/babel\babel.sty"
Package: babel 2020/09/01 3.48 The Babel package

("C:\Program Files\MiKTeX\tex/generic/babel\babel.def"
File: babel.def 2020/09/01 3.48 Babel common definitions
\babel@savecnt=\count178
\U@D=\dimen135
\l@babelnohyphens=\language79

("C:\Program Files\MiKTeX\tex/generic/babel\txtbabel.def")
\bbl@readstream=\read2
)
\bbl@dirlevel=\count179

*************************************
* Local config file bblopts.cfg used
*
("C:\Program Files\MiKTeX\tex/latex/arabi\bblopts.cfg"
File: bblopts.cfg 2005/09/08 v0.1 add Arabic and Farsi to "declared" options of
 babel
)
("C:\Users\Lukas Bünger\AppData\Roaming\MiKTeX\tex/latex/babel-german\ngerman.
ldf"
Language: ngerman 2020/07/21 v2.12 German support for babel (post-1996 orthogra
phy)

("C:\Users\Lukas Bünger\AppData\Roaming\MiKTeX\tex/latex/babel-german\ngermanb
.ldf"
Language: ngermanb 2020/07/21 v2.12 German support for babel (post-1996 orthogr
aphy)
Package babel Info: Making " an active character on input line 121.
)))
("C:\Users\Lukas Bünger\AppData\Roaming\MiKTeX\tex/latex/float\float.sty"
Package: float 2001/11/08 v1.3d Float enhancements (AL)
\c@float@type=\count180
\float@exts=\toks16
\float@box=\box47
\@float@everytoks=\toks17
\@floatcapt=\box48
)
("C:\Users\Lukas Bünger\AppData\Roaming\MiKTeX\tex/generic/thumbpdf\thumbpdf.s
ty"
Package: thumbpdf 2018/09/07 v3.17 Inclusion of thumbnails (HO)


Package thumbpdf Warning: Thumbnail data file `main.tpt' not found.

) ("C:\Program Files\MiKTeX\tex/latex/graphics\graphicx.sty"
Package: graphicx 2019/11/30 v1.2a Enhanced LaTeX Graphics (DPC,SPQR)

("C:\Program Files\MiKTeX\tex/latex/graphics\graphics.sty"
Package: graphics 2019/11/30 v1.4a Standard LaTeX Graphics (DPC,SPQR)

("C:\Program Files\MiKTeX\tex/latex/graphics\trig.sty"
Package: trig 2016/01/03 v1.10 sin cos tan (DPC)
)
("C:\Program Files\MiKTeX\tex/latex/graphics-cfg\graphics.cfg"
File: graphics.cfg 2016/06/04 v1.11 sample graphics configuration
)
Package graphics Info: Driver file: pdftex.def on input line 105.

("C:\Program Files\MiKTeX\tex/latex/graphics-def\pdftex.def"
File: pdftex.def 2020/08/26 v1.2 Graphics/color driver for pdftex
))
\Gin@req@height=\dimen136
\Gin@req@width=\dimen137
)
("C:\Program Files\MiKTeX\tex/latex/hyperref\hyperref.sty"
Package: hyperref 2020-05-15 v7.00e Hypertext links for LaTeX

("C:\Users\Lukas Bünger\AppData\Roaming\MiKTeX\tex/generic/ltxcmds\ltxcmds.sty
"
Package: ltxcmds 2019/12/15 v1.24 LaTeX kernel commands for general use (HO)
) ("C:\Program Files\MiKTeX\tex/generic/pdftexcmds\pdftexcmds.sty"
Package: pdftexcmds 2020-06-27 v0.33 Utility functions of pdfTeX for LuaTeX (HO
)

("C:\Users\Lukas Bünger\AppData\Roaming\MiKTeX\tex/generic/infwarerr\infwarerr
.sty"
Package: infwarerr 2019/12/03 v1.5 Providing info/warning/error messages (HO)
)
Package pdftexcmds Info: \pdf@primitive is available.
Package pdftexcmds Info: \pdf@ifprimitive is available.
Package pdftexcmds Info: \pdfdraftmode found.
)
("C:\Users\Lukas Bünger\AppData\Roaming\MiKTeX\tex/generic/kvsetkeys\kvsetkeys
.sty"
Package: kvsetkeys 2019/12/15 v1.18 Key value parser (HO)
)
("C:\Users\Lukas Bünger\AppData\Roaming\MiKTeX\tex/generic/kvdefinekeys\kvdefi
nekeys.sty"
Package: kvdefinekeys 2019-12-19 v1.6 Define keys (HO)
)
("C:\Users\Lukas Bünger\AppData\Roaming\MiKTeX\tex/generic/pdfescape\pdfescape
.sty"
Package: pdfescape 2019/12/09 v1.15 Implements pdfTeX's escape features (HO)
)
("C:\Users\Lukas Bünger\AppData\Roaming\MiKTeX\tex/latex/hycolor\hycolor.sty"
Package: hycolor 2020-01-27 v1.10 Color options for hyperref/bookmark (HO)
)
("C:\Users\Lukas Bünger\AppData\Roaming\MiKTeX\tex/latex/letltxmacro\letltxmac
ro.sty"
Package: letltxmacro 2019/12/03 v1.6 Let assignment for LaTeX macros (HO)
)
("C:\Users\Lukas Bünger\AppData\Roaming\MiKTeX\tex/latex/auxhook\auxhook.sty"
Package: auxhook 2019-12-17 v1.6 Hooks for auxiliary files (HO)
)
("C:\Users\Lukas Bünger\AppData\Roaming\MiKTeX\tex/latex/kvoptions\kvoptions.s
ty"
Package: kvoptions 2019/11/29 v3.13 Key value format for package options (HO)
)
\@linkdim=\dimen138
\Hy@linkcounter=\count181
\Hy@pagecounter=\count182
 ("C:\Program Files\MiKTeX\tex/latex/hyperref\pd1enc.def"
File: pd1enc.def 2020-05-15 v7.00e Hyperref: PDFDocEncoding definition (HO)
Now handling font encoding PD1 ...
... no UTF-8 mapping file for font encoding PD1
)
("C:\Users\Lukas Bünger\AppData\Roaming\MiKTeX\tex/generic/intcalc\intcalc.sty
"
Package: intcalc 2019/12/15 v1.3 Expandable calculations with integers (HO)
)
("C:\Users\Lukas Bünger\AppData\Roaming\MiKTeX\tex/generic/etexcmds\etexcmds.s
ty"
Package: etexcmds 2019/12/15 v1.7 Avoid name clashes with e-TeX commands (HO)
)
\Hy@SavedSpaceFactor=\count183
Package hyperref Info: Hyper figures OFF on input line 4464.
Package hyperref Info: Link nesting OFF on input line 4469.
Package hyperref Info: Hyper index ON on input line 4472.
Package hyperref Info: Plain pages OFF on input line 4479.
Package hyperref Info: Backreferencing OFF on input line 4484.
Package hyperref Info: Implicit mode ON; LaTeX internals redefined.
Package hyperref Info: Bookmarks ON on input line 4717.
\c@Hy@tempcnt=\count184
 ("C:\Program Files\MiKTeX\tex/latex/url\url.sty"
\Urlmuskip=\muskip16
Package: url 2013/09/16  ver 3.4  Verb mode for urls, etc.
)
LaTeX Info: Redefining \url on input line 5076.
\XeTeXLinkMargin=\dimen139

("C:\Users\Lukas Bünger\AppData\Roaming\MiKTeX\tex/generic/bitset\bitset.sty"
Package: bitset 2019/12/09 v1.3 Handle bit-vector datatype (HO)

("C:\Users\Lukas Bünger\AppData\Roaming\MiKTeX\tex/generic/bigintcalc\bigintca
lc.sty"
Package: bigintcalc 2019/12/15 v1.5 Expandable calculations on big integers (HO
)
))
\Fld@menulength=\count185
\Field@Width=\dimen140
\Fld@charsize=\dimen141
Package hyperref Info: Hyper figures OFF on input line 6347.
Package hyperref Info: Link nesting OFF on input line 6352.
Package hyperref Info: Hyper index ON on input line 6355.
Package hyperref Info: backreferencing OFF on input line 6362.
Package hyperref Info: Link coloring OFF on input line 6367.
Package hyperref Info: Link coloring with OCG OFF on input line 6372.
Package hyperref Info: PDF/A mode OFF on input line 6377.
LaTeX Info: Redefining \ref on input line 6417.
LaTeX Info: Redefining \pageref on input line 6421.

("C:\Users\Lukas Bünger\AppData\Roaming\MiKTeX\tex/generic/atbegshi\atbegshi.s
ty"
Package: atbegshi 2019/12/05 v1.19 At begin shipout hook (HO)
)
\Hy@abspage=\count186
\c@Item=\count187
\c@Hfootnote=\count188
)
Package hyperref Info: Driver: hpdftex.
 ("C:\Program Files\MiKTeX\tex/latex/hyperref\hpdftex.def"
File: hpdftex.def 2020-05-15 v7.00e Hyperref driver for pdfTeX

("C:\Users\Lukas Bünger\AppData\Roaming\MiKTeX\tex/latex/atveryend\atveryend.s
ty"
Package: atveryend 2019-12-11 v1.11 Hooks at the very end of document (HO)
Package atveryend Info: \enddocument detected (standard20110627).
)
\Fld@listcount=\count189
\c@bookmark@seq@number=\count190

("C:\Users\Lukas Bünger\AppData\Roaming\MiKTeX\tex/latex/rerunfilecheck\rerunf
ilecheck.sty"
Package: rerunfilecheck 2019/12/05 v1.9 Rerun checks for auxiliary files (HO)

("C:\Users\Lukas Bünger\AppData\Roaming\MiKTeX\tex/generic/uniquecounter\uniqu
ecounter.sty"
Package: uniquecounter 2019/12/15 v1.4 Provide unlimited unique counter (HO)
)
Package uniquecounter Info: New unique counter `rerunfilecheck' on input line 2
86.
)
\Hy@SectionHShift=\skip64
)
("C:\Users\Lukas Bünger\AppData\Roaming\MiKTeX\tex/latex/pdfpages\pdfpages.sty
"
Package: pdfpages 2020/01/28 v0.5q Insert pages of external PDF documents (AM)
 ("C:\Program Files\MiKTeX\tex/latex/tools\calc.sty"
Package: calc 2017/05/25 v4.3 Infix arithmetic (KKT,FJ)
\calc@Acount=\count191
\calc@Bcount=\count192
\calc@Adimen=\dimen142
\calc@Bdimen=\dimen143
\calc@Askip=\skip65
\calc@Bskip=\skip66
LaTeX Info: Redefining \setlength on input line 80.
LaTeX Info: Redefining \addtolength on input line 81.
\calc@Ccount=\count193
\calc@Cskip=\skip67
)
("C:\Users\Lukas Bünger\AppData\Roaming\MiKTeX\tex/latex/eso-pic\eso-pic.sty"
Package: eso-pic 2018/04/12 v2.0h eso-pic (RN)

("C:\Program Files\MiKTeX\tex/latex/xcolor\xcolor.sty"
Package: xcolor 2016/05/11 v2.12 LaTeX color extensions (UK)

("C:\Program Files\MiKTeX\tex/latex/graphics-cfg\color.cfg"
File: color.cfg 2016/01/02 v1.6 sample color configuration
)
Package xcolor Info: Driver file: pdftex.def on input line 225.
Package xcolor Info: Model `cmy' substituted by `cmy0' on input line 1348.
Package xcolor Info: Model `hsb' substituted by `rgb' on input line 1352.
Package xcolor Info: Model `RGB' extended on input line 1364.
Package xcolor Info: Model `HTML' substituted by `rgb' on input line 1366.
Package xcolor Info: Model `Hsb' substituted by `hsb' on input line 1367.
Package xcolor Info: Model `tHsb' substituted by `hsb' on input line 1368.
Package xcolor Info: Model `HSB' substituted by `hsb' on input line 1369.
Package xcolor Info: Model `Gray' substituted by `gray' on input line 1370.
Package xcolor Info: Model `wave' substituted by `hsb' on input line 1371.
))
\AM@pagewidth=\dimen144
\AM@pageheight=\dimen145

("C:\Users\Lukas Bünger\AppData\Roaming\MiKTeX\tex/latex/pdfpages\pppdftex.def
"
File: pppdftex.def 2020/01/28 v0.5q Pdfpages driver for pdfTeX (AM)
)
\AM@pagebox=\box49
\AM@global@opts=\toks18
\AM@pagecnt=\count194
\AM@toc@title=\toks19
\c@AM@survey=\count195
\AM@templatesizebox=\box50
)

Package hyperref Warning: Token not allowed in a PDF string (PDFDocEncoding):
(hyperref)                removing `\\' on input line 53.


Package hyperref Warning: Token not allowed in a PDF string (PDFDocEncoding):
(hyperref)                removing `\\' on input line 53.

Package hyperref Info: Option `colorlinks' set `false' on input line 53.
Package hyperref Info: Option `bookmarksopen' set `true' on input line 53.
Package hyperref Info: Option `bookmarksnumbered' set `false' on input line 53.

Package hyperref Info: Option `plainpages' set `false' on input line 53.
("C:\Users\Lukas Bünger\AppData\Roaming\MiKTeX\tex/latex/geometry\geometry.sty
"
Package: geometry 2020/01/02 v5.9 Page Geometry
 ("C:\Program Files\MiKTeX\tex/generic/iftex\ifvtex.sty"
Package: ifvtex 2019/10/25 v1.7 ifvtex legacy package. Use iftex instead.
)
\Gm@cnth=\count196
\Gm@cntv=\count197
\c@Gm@tempcnt=\count198
\Gm@bindingoffset=\dimen146
\Gm@wd@mp=\dimen147
\Gm@odd@mp=\dimen148
\Gm@even@mp=\dimen149
\Gm@layoutwidth=\dimen150
\Gm@layoutheight=\dimen151
\Gm@layouthoffset=\dimen152
\Gm@layoutvoffset=\dimen153
\Gm@dimlist=\toks20

("C:\Users\Lukas Bünger\AppData\Roaming\MiKTeX\tex/latex/geometry\geometry.cfg
")) ("C:\Program Files\MiKTeX\tex/latex/amsmath\amsmath.sty"
Package: amsmath 2020/01/20 v2.17e AMS math features
\@mathmargin=\skip68

For additional information on amsmath, use the `?' option.
("C:\Program Files\MiKTeX\tex/latex/amsmath\amstext.sty"
Package: amstext 2000/06/29 v2.01 AMS text

("C:\Program Files\MiKTeX\tex/latex/amsmath\amsgen.sty"
File: amsgen.sty 1999/11/30 v2.0 generic functions
\@emptytoks=\toks21
\ex@=\dimen154
))
("C:\Program Files\MiKTeX\tex/latex/amsmath\amsbsy.sty"
Package: amsbsy 1999/11/29 v1.2d Bold Symbols
\pmbraise@=\dimen155
)
("C:\Program Files\MiKTeX\tex/latex/amsmath\amsopn.sty"
Package: amsopn 2016/03/08 v2.02 operator names
)
\inf@bad=\count199
LaTeX Info: Redefining \frac on input line 227.
\uproot@=\count266
\leftroot@=\count267
LaTeX Info: Redefining \overline on input line 389.
\classnum@=\count268
\DOTSCASE@=\count269
LaTeX Info: Redefining \ldots on input line 486.
LaTeX Info: Redefining \dots on input line 489.
LaTeX Info: Redefining \cdots on input line 610.
\Mathstrutbox@=\box51
\strutbox@=\box52
\big@size=\dimen156
LaTeX Font Info:    Redeclaring font encoding OML on input line 733.
LaTeX Font Info:    Redeclaring font encoding OMS on input line 734.
\macc@depth=\count270
\c@MaxMatrixCols=\count271
\dotsspace@=\muskip17
\c@parentequation=\count272
\dspbrk@lvl=\count273
\tag@help=\toks22
\row@=\count274
\column@=\count275
\maxfields@=\count276
\andhelp@=\toks23
\eqnshift@=\dimen157
\alignsep@=\dimen158
\tagshift@=\dimen159
\tagwidth@=\dimen160
\totwidth@=\dimen161
\lineht@=\dimen162
\@envbody=\toks24
\multlinegap=\skip69
\multlinetaggap=\skip70
\mathdisplay@stack=\toks25
LaTeX Info: Redefining \[ on input line 2859.
LaTeX Info: Redefining \] on input line 2860.
)
("C:\Program Files\MiKTeX\tex/latex/amsfonts\amssymb.sty"
Package: amssymb 2013/01/14 v3.01 AMS font symbols

("C:\Program Files\MiKTeX\tex/latex/amsfonts\amsfonts.sty"
Package: amsfonts 2013/01/14 v3.01 Basic AMSFonts support
\symAMSa=\mathgroup4
\symAMSb=\mathgroup5
LaTeX Font Info:    Redeclaring math symbol \hbar on input line 98.
LaTeX Font Info:    Overwriting math alphabet `\mathfrak' in version `bold'
(Font)                  U/euf/m/n --> U/euf/b/n on input line 106.
))
("C:\Program Files\MiKTeX\tex/latex/base\flafter.sty"
Package: flafter 2018/11/28 v1.4d Standard LaTeX floats after reference (FMi)
Applying: [2015/01/01] float order in 2-column on input line 49.
Already applied: [0000/00/00] float order in 2-column on input line 151.
)
("C:\Users\Lukas Bünger\AppData\Roaming\MiKTeX\tex/latex/subfigure\subfigure.s
ty"
Package: subfigure 2002/07/30 v2.1.4 subfigure package
\subfigtopskip=\skip71
\subfigcapskip=\skip72
\subfigcaptopadj=\dimen163
\subfigbottomskip=\skip73
\subfigcapmargin=\dimen164
\subfiglabelskip=\skip74
\c@subfigure=\count277
\c@lofdepth=\count278
\c@subtable=\count279
\c@lotdepth=\count280

****************************************
* Local config file subfigure.cfg used *
****************************************

("C:\Users\Lukas Bünger\AppData\Roaming\MiKTeX\tex/latex/subfigure\subfigure.c
fg")
\subfig@top=\skip75
\subfig@bottom=\skip76
)
("C:\Users\Lukas Bünger\AppData\Roaming\MiKTeX\tex/latex/textpos\textpos.sty"
Package: textpos 2019/04/15 v1.9.1

Package: textpos 2019/04/15 1.9.1, absolute positioning of text on the page
("C:\Program Files\MiKTeX\tex/latex/ms\everyshi.sty"
Package: everyshi 2001/05/15 v3.00 EveryShipout Package (MS)
)
\TP@textbox=\box53
\TP@holdbox=\box54
\TPHorizModule=\dimen165
\TPVertModule=\dimen166
\TP@margin=\dimen167
\TP@absmargin=\dimen168

Grid set 16 x 16 = 37.34424pt x 52.81541pt
\TPboxrulesize=\dimen169
\TP@ox=\dimen170
\TP@oy=\dimen171
\TP@tbargs=\toks26
\TP@prevdepth=\dimen172
TextBlockOrigin set to 0pt x 0pt
)
TextBlockOrigin set to 0mm x 0mm
("C:\Program Files\MiKTeX\tex/latex/base\fix-cm.sty"
Package: fix-cm 2015/01/14 v1.1t fixes to LaTeX

("C:\Program Files\MiKTeX\tex/latex/base\ts1enc.def"
File: ts1enc.def 2001/06/05 v3.0e (jk/car/fm) Standard LaTeX file
LaTeX Font Info:    Redeclaring font encoding TS1 on input line 47.
))
("C:\Users\Lukas Bünger\AppData\Roaming\MiKTeX\tex/latex/setspace\setspace.sty
"
Package: setspace 2011/12/19 v6.7a set line spacing
)
("C:\Users\Lukas Bünger\AppData\Roaming\MiKTeX\tex/latex/koma-script\scrhack.s
ty"
Package: scrhack 2020/07/22 v3.31 KOMA-Script package (hacking other packages)
 ("C:\Users\Lukas Bünger\AppData\Roaming\MiKTeX\tex/latex/xpatch\xpatch.sty" (
"C:\Program Files\MiKTeX\tex/latex/l3kernel\expl3.sty"
Package: expl3 2020-09-03 L3 programming layer (loader) 

("C:\Program Files\MiKTeX\tex/latex/l3backend\l3backend-pdftex.def"
File: l3backend-pdftex.def 2020-09-01 L3 backend support: PDF output (pdfTeX)
\l__kernel_color_stack_int=\count281
\l__pdf_internal_box=\box55
))
Package: xpatch 2020/03/25 v0.3a Extending etoolbox patching commands

("C:\Program Files\MiKTeX\tex/latex/l3packages/xparse\xparse.sty"
Package: xparse 2020-05-15 L3 Experimental document command parser

("C:\Program Files\MiKTeX\tex/latex/l3packages/xparse\xparse-generic.tex"
\l__xparse_current_arg_int=\count282
\g__xparse_grabber_int=\count283
\l__xparse_m_args_int=\count284
\l__xparse_v_nesting_int=\count285
))
("C:\Program Files\MiKTeX\tex/latex/etoolbox\etoolbox.sty"
Package: etoolbox 2020/08/24 v2.5j e-TeX tools for LaTeX (JAW)
\etb@tempcnta=\count286
))
Package scrhack Info: hyperref hack deactivated because of
(scrhack)             detection of hyperref version, that doesn't
(scrhack)             need that hack, on input line 162.
Package scrhack Info: loading float hack on input line 169.

("C:\Users\Lukas Bünger\AppData\Roaming\MiKTeX\tex/latex/koma-script\float.hak
"
File: float.hak 2020/07/22 v3.31 KOMA-Script scrhack part (hacking package floa
t)
Package scrhack Info: redefining \newfloat on input line 163.
Package scrhack Info: redefining \listof on input line 163.
Package scrhack Info: undefining \float@addtolists on input line 163.
)
Package scrhack Info: loading setspace hack on input line 197.

("C:\Users\Lukas Bünger\AppData\Roaming\MiKTeX\tex/latex/koma-script\setspace.
hak"
File: setspace.hak 2020/07/22 v3.31 KOMA-Script scrhack part (hacking package s
etspace)
))
("C:\Users\Lukas Bünger\AppData\Roaming\MiKTeX\tex/latex/csquotes\csquotes.sty
"
Package: csquotes 2019-12-06 v5.2j context-sensitive quotations (JAW)
\csq@reset=\count287
\csq@gtype=\count288
\csq@glevel=\count289
\csq@qlevel=\count290
\csq@maxlvl=\count291
\csq@tshold=\count292
\csq@ltx@everypar=\toks27

("C:\Users\Lukas Bünger\AppData\Roaming\MiKTeX\tex/latex/csquotes\csquotes.def
"
File: csquotes.def 2019-12-06 v5.2j csquotes generic definitions (JAW)
)
Package csquotes Info: Trying to load configuration file 'csquotes.cfg'...
Package csquotes Info: ... configuration file loaded successfully.

("C:\Users\Lukas Bünger\AppData\Roaming\MiKTeX\tex/latex/csquotes\csquotes.cfg
"
File: csquotes.cfg 
)
Package csquotes Info: Option 'babel' depreciated.
(csquotes)             Using 'autostyle'.
Package csquotes Info: Enabling multilingual quotes.
Package csquotes Info: Redefining alias 'german' -> 'german/quotes'.
)
("C:\Users\Lukas Bünger\AppData\Roaming\MiKTeX\tex/latex/caption\caption.sty"
Package: caption 2020/09/02 v3.5a Customizing captions (AR)

("C:\Users\Lukas Bünger\AppData\Roaming\MiKTeX\tex/latex/caption\caption3.sty"
Package: caption3 2020/08/30 v2.0 caption3 kernel (AR)
\captionmargin=\dimen173
\captionmargin@=\dimen174
\captionwidth=\dimen175
\caption@tempdima=\dimen176
\caption@indent=\dimen177
\caption@parindent=\dimen178
\caption@hangindent=\dimen179
Package caption Info: KOMA-Script document class detected.

("C:\Users\Lukas Bünger\AppData\Roaming\MiKTeX\tex/latex/caption\caption-koma.
sto"
File: caption-koma.sto 2020/08/22 v2.0 Adaption of the caption package to the K
OMA-Script document classes (AR)
))
\c@caption@flags=\count293
\c@continuedfloat=\count294
Package caption Info: float package is loaded.
Package caption Info: hyperref package is loaded.
Package caption Info: subfigure package is loaded.
)
("C:\Users\Lukas Bünger\AppData\Roaming\MiKTeX\tex/latex/booktabs\booktabs.sty
"
Package: booktabs 2020/01/12 v1.61803398 Publication quality tables
\heavyrulewidth=\dimen180
\lightrulewidth=\dimen181
\cmidrulewidth=\dimen182
\belowrulesep=\dimen183
\belowbottomsep=\dimen184
\aboverulesep=\dimen185
\abovetopsep=\dimen186
\cmidrulesep=\dimen187
\cmidrulekern=\dimen188
\defaultaddspace=\dimen189
\@cmidla=\count295
\@cmidlb=\count296
\@aboverulesep=\dimen190
\@belowrulesep=\dimen191
\@thisruleclass=\count297
\@lastruleclass=\count298
\@thisrulewidth=\dimen192
) ("C:\Users\Lukas Bünger\AppData\Roaming\MiKTeX\tex/latex/eurosym\eurosym.sty
"
Package: eurosym 1998/08/06 v1.1 European currency symbol ``Euro''
\@eurobox=\box56
)

Class scrbook Warning: Usage of package `fancyhdr' together
(scrbook)              with a KOMA-Script class is not recommended.
(scrbook)              I'd suggest to use 
(scrbook)              package `scrlayer' or `scrlayer-scrpage', because
(scrbook)              they support KOMA-Script classes.
(scrbook)              With `fancyhdr' several features of class `scrbook'
(scrbook)              like options `headsepline', `footsepline' or command
(scrbook)              `\MakeMarkcase' and the commands `\setkomafont' and
(scrbook)              `\addtokomafont' for the page style elements need
(scrbook)              explicite user intervention to work.
(scrbook)              Nevertheless, using requested
(scrbook)              package `fancyhdr' on input line 127.

("C:\Users\Lukas Bünger\AppData\Roaming\MiKTeX\tex/latex/fancyhdr\fancyhdr.sty
"
Package: fancyhdr 2019/01/31 v3.10 Extensive control of page headers and footer
s
\f@nch@headwidth=\skip77
\f@nch@O@elh=\skip78
\f@nch@O@erh=\skip79
\f@nch@O@olh=\skip80
\f@nch@O@orh=\skip81
\f@nch@O@elf=\skip82
\f@nch@O@erf=\skip83
\f@nch@O@olf=\skip84
\f@nch@O@orf=\skip85
)
("C:\Users\Lukas Bünger\AppData\Roaming\MiKTeX\tex/latex/fancyhdr\extramarks.s
ty"
Package: extramarks 2019/01/31 v3.10 Extra marks for LaTeX
\@temptokenb=\toks28
) ("C:\Program Files\MiKTeX\tex/latex/listings\listings.sty"
\lst@mode=\count299
\lst@gtempboxa=\box57
\lst@token=\toks29
\lst@length=\count300
\lst@currlwidth=\dimen193
\lst@column=\count301
\lst@pos=\count302
\lst@lostspace=\dimen194
\lst@width=\dimen195
\lst@newlines=\count303
\lst@lineno=\count304
\lst@maxwidth=\dimen196

("C:\Program Files\MiKTeX\tex/latex/listings\lstmisc.sty"
File: lstmisc.sty 2020/03/24 1.8d (Carsten Heinz)
\c@lstnumber=\count305
\lst@skipnumbers=\count306
\lst@framebox=\box58
)
("C:\Program Files\MiKTeX\tex/latex/listings\listings.cfg"
File: listings.cfg 2020/03/24 1.8d listings configuration
))
Package scrhack Info: loading listings hack on input line 157.

("C:\Users\Lukas Bünger\AppData\Roaming\MiKTeX\tex/latex/koma-script\listings.
hak"
File: listings.hak 2020/07/22 v3.31 KOMA-Script scrhack part (hacking package l
istings)
Package tocbasic Info: setting babel extension for `lol' on input line 143.
Package scrhack Info: redefining \lstlistoflistings on input line 143.
)
Package: listings 2020/03/24 1.8d (Carsten Heinz)

("C:\Users\Lukas Bünger\AppData\Roaming\MiKTeX\tex/latex/algorithms\algorithm.
sty"
Package: algorithm 2009/08/24 v0.1 Document Style `algorithm' - floating enviro
nment
Package tocbasic Info: setting babel extension for `loa' on input line 95.
\@float@every@algorithm=\toks30
\c@algorithm=\count307
)
("C:\Users\Lukas Bünger\AppData\Roaming\MiKTeX\tex/latex/algorithms\algorithmi
c.sty"
Package: algorithmic 2009/08/24 v0.1 Document Style `algorithmic'
\c@ALC@unique=\count308
\c@ALC@line=\count309
\c@ALC@rem=\count310
\c@ALC@depth=\count311
\ALC@tlm=\skip86
\algorithmicindent=\skip87
) ("C:\Program Files\MiKTeX\tex/latex/tools\enumerate.sty"
Package: enumerate 2015/07/23 v3.00 enumerate extensions (DPC)
\@enLab=\toks31
)
("C:\Users\Lukas Bünger\AppData\Roaming\MiKTeX\tex/latex/ntheorem\ntheorem.sty
"
Style `ntheorem', Version 1.33 <2011/08/15>
Package: ntheorem 2011/08/15 1.33
\theorem@style=\toks32
\theorem@@style=\toks33
\theorembodyfont=\toks34
\theoremnumbering=\toks35
\theorempreskipamount=\skip88
\theorempostskipamount=\skip89
\theoremframepreskipamount=\skip90
\theoremframepostskipamount=\skip91
\theoreminframepreskipamount=\skip92
\theoreminframepostskipamount=\skip93
\theorem@preskip=\toks36
\theorem@postskip=\toks37
\theorem@framepreskip=\toks38
\theorem@framepostskip=\toks39
\theorem@inframepreskip=\toks40
\theorem@inframepostskip=\toks41
\theoremindent=\dimen197
\theorem@indent=\dimen198
\theoremrightindent=\dimen199
\theorem@rightindent=\dimen256
\theoremheaderfont=\toks42
\theoremseparator=\toks43
\theoremprework=\toks44
\theorempostwork=\toks45
\theoremsymbol=\toks46
\qedsymbol=\toks47
\theoremkeyword=\toks48
\qedsymbol=\toks49
\thm@topsep=\skip94
\thm@topsepadd=\skip95
Package ntheorem Info: Option `thmmarks' loaded on input line 1175.
\c@endNonectr=\count312
\c@currNonectr=\count313
\mysavskip=\skip96
Package ntheorem Info: option `amsmath' handling for `thmmarks' loaded on input
 line 1175.
\thm@amstmpdepth=\dimen257
\tagwidth=\dimen258
)
\c@currtheoremctr=\count314
\c@endtheoremctr=\count315
\c@theorem=\count316
\c@currsatzctr=\count317
\c@endsatzctr=\count318
\c@currlemmactr=\count319
\c@endlemmactr=\count320
\c@currkorollarctr=\count321
\c@endkorollarctr=\count322
\c@currpropositionctr=\count323
\c@endpropositionctr=\count324
\c@currtheorem*ctr=\count325
\c@endtheorem*ctr=\count326
\c@theorem*=\count327
\c@currsatz*ctr=\count328
\c@endsatz*ctr=\count329
\c@satz*=\count330
\c@currlemma*ctr=\count331
\c@endlemma*ctr=\count332
\c@lemma*=\count333
\c@currkorollar*ctr=\count334
\c@endkorollar*ctr=\count335
\c@korollar*=\count336
\c@currproposition*ctr=\count337
\c@endproposition*ctr=\count338
\c@proposition*=\count339
\c@currdefinitionctr=\count340
\c@enddefinitionctr=\count341
\c@currdefinition*ctr=\count342
\c@enddefinition*ctr=\count343
\c@definition*=\count344
\c@currnotationctr=\count345
\c@endnotationctr=\count346
\c@notation=\count347
\c@currkonventionctr=\count348
\c@endkonventionctr=\count349
\c@konvention=\count350
\c@currbezeichnungctr=\count351
\c@endbezeichnungctr=\count352
\c@bezeichnung=\count353
\c@currbeweisctr=\count354
\c@endbeweisctr=\count355
\c@beweis=\count356
\c@currbemerkungctr=\count357
\c@endbemerkungctr=\count358
\c@currbeobachtungctr=\count359
\c@endbeobachtungctr=\count360
\c@currbeispielctr=\count361
\c@endbeispielctr=\count362
\c@currproblemctr=\count363
\c@endproblemctr=\count364
\c@problem=\count365
\c@currbemerkung*ctr=\count366
\c@endbemerkung*ctr=\count367
\c@bemerkung*=\count368
\c@currbeispiel*ctr=\count369
\c@endbeispiel*ctr=\count370
\c@beispiel*=\count371
\c@currproblem*ctr=\count372
\c@endproblem*ctr=\count373
\c@problem*=\count374
 ("C:\Program Files\MiKTeX\tex/latex/tools\xspace.sty"
Package: xspace 2014/10/28 v1.13 Space after command names (DPC,MH)
))
Package csquotes Info: Checking for multilingual support...
Package csquotes Info: ... found 'babel' package.
 (main.aux
(chapter/titlepage.aux) (chapter/1.Introduction.aux) (chapter/2.Game.aux)
(chapter/3.Structure.aux) (chapter/4.GameLogic.aux)
(chapter/5.ProblemsSolutions.aux) (chapter/appendix.aux))
\openout1 = `main.aux'.

LaTeX Font Info:    Checking defaults for OML/cmm/m/it on input line 15.
LaTeX Font Info:    ... okay on input line 15.
LaTeX Font Info:    Checking defaults for OMS/cmsy/m/n on input line 15.
LaTeX Font Info:    ... okay on input line 15.
LaTeX Font Info:    Checking defaults for OT1/cmr/m/n on input line 15.
LaTeX Font Info:    ... okay on input line 15.
LaTeX Font Info:    Checking defaults for T1/cmr/m/n on input line 15.
LaTeX Font Info:    ... okay on input line 15.
LaTeX Font Info:    Checking defaults for TS1/cmr/m/n on input line 15.
LaTeX Font Info:    ... okay on input line 15.
LaTeX Font Info:    Checking defaults for OMX/cmex/m/n on input line 15.
LaTeX Font Info:    ... okay on input line 15.
LaTeX Font Info:    Checking defaults for U/cmr/m/n on input line 15.
LaTeX Font Info:    ... okay on input line 15.
LaTeX Font Info:    Checking defaults for PD1/pdf/m/n on input line 15.
LaTeX Font Info:    ... okay on input line 15.

("C:\Program Files\MiKTeX\tex/context/base/mkii\supp-pdf.mkii"
[Loading MPS to PDF converter (version 2006.09.02).]
\scratchcounter=\count375
\scratchdimen=\dimen259
\scratchbox=\box59
\nofMPsegments=\count376
\nofMParguments=\count377
\everyMPshowfont=\toks50
\MPscratchCnt=\count378
\MPscratchDim=\dimen260
\MPnumerator=\count379
\makeMPintoPDFobject=\count380
\everyMPtoPDFconversion=\toks51
) ("C:\Program Files\MiKTeX\tex/latex/epstopdf-pkg\epstopdf-base.sty"
Package: epstopdf-base 2020-01-24 v2.11 Base part for package epstopdf
Package epstopdf-base Info: Redefining graphics rule for `.eps' on input line 4
85.
)
\AtBeginShipoutBox=\box60
Package hyperref Info: Link coloring OFF on input line 15.

("C:\Program Files\MiKTeX\tex/latex/hyperref\nameref.sty"
Package: nameref 2019/09/16 v2.46 Cross-referencing by name of section

("C:\Users\Lukas Bünger\AppData\Roaming\MiKTeX\tex/latex/refcount\refcount.sty
"
Package: refcount 2019/12/15 v3.6 Data extraction from label references (HO)
)
("C:\Users\Lukas Bünger\AppData\Roaming\MiKTeX\tex/generic/gettitlestring\gett
itlestring.sty"
Package: gettitlestring 2019/12/15 v1.6 Cleanup title references (HO)
)
\c@section@level=\count381
)
LaTeX Info: Redefining \ref on input line 15.
LaTeX Info: Redefining \pageref on input line 15.
LaTeX Info: Redefining \nameref on input line 15.
 (main.out) (main.out)
\@outlinefile=\write3
\openout3 = `main.out'.

Class scrbook Info: loading recommended package `bookmark'.
(scrbook)           Using `bookmark' together with `hyperref' is recommended,
(scrbook)           because of handling of possible bookmark level gaps.
(scrbook)           You can avoid loading `bookmark' with KOMA-Script option
(scrbook)           `bookmarkpackage=false' before \begin{document} and
(scrbook)           you can avoid this message adding:
(scrbook)             \usepackage{bookmark}
(scrbook)           before \begin{document} on input line 15.

("C:\Users\Lukas Bünger\AppData\Roaming\MiKTeX\tex/latex/bookmark\bookmark.sty
"
Package: bookmark 2019/12/03 v1.28 PDF bookmarks (HO)

("C:\Users\Lukas Bünger\AppData\Roaming\MiKTeX\tex/latex/bookmark\bkm-pdftex.d
ef"
File: bkm-pdftex.def 2019/12/03 v1.28 bookmark driver for pdfTeX (HO)
Package auxhook Info: \AddLineBeginMainAux comes a little late,
(auxhook)             because the main .aux file is already opened on input lin
e 168.
\BKM@id=\count382
))
("C:\Users\Lukas Bünger\AppData\Roaming\MiKTeX\tex/latex/pdflscape\pdflscape.s
ty"
Package: pdflscape 2019/12/05 v0.12 Display of landscape pages in PDF (HO)
 ("C:\Program Files\MiKTeX\tex/latex/graphics\lscape.sty"
Package: lscape 2000/10/22 v3.01 Landscape Pages (DPC)
)
Package scrhack Info: loading lscape hack on input line 77.

("C:\Users\Lukas Bünger\AppData\Roaming\MiKTeX\tex/latex/koma-script\lscape.ha
k"
File: lscape.hak 2020/07/22 v3.31 KOMA-Script scrhack part (hacking package lsc
ape)
Package scrhack Info: \landscape patched to make \textheight change optional on
 input line 90.
\scrh@LT@textheight=\skip97
))
*geometry* detected driver: pdftex
*geometry* verbose mode - [ preamble ] result:
* driver: pdftex
* paper: a4paper
* layout: <same size as paper>
* layoutoffset:(h,v)=(0.0pt,0.0pt)
* modes: twoside 
* h-part:(L,W,R)=(99.58464pt, 426.79135pt, 71.13188pt)
* v-part:(T,H,B)=(85.35826pt, 660.10394pt, 99.58464pt)
* \paperwidth=597.50787pt
* \paperheight=845.04684pt
* \textwidth=426.79135pt
* \textheight=660.10394pt
* \oddsidemargin=27.31465pt
* \evensidemargin=-1.1381pt
* \topmargin=-24.31174pt
* \headheight=15.0pt
* \headsep=20.40001pt
* \topskip=11.0pt
* \footskip=47.6pt
* \marginparwidth=89.62619pt
* \marginparsep=12.8401pt
* \columnsep=10.0pt
* \skip\footins=10.0pt plus 4.0pt minus 2.0pt
* \hoffset=0.0pt
* \voffset=0.0pt
* \mag=1000
* \@twocolumnfalse
* \@twosidetrue
* \@mparswitchtrue
* \@reversemarginfalse
* (1in=72.27pt=25.4mm, 1cm=28.453pt)

ABD: EveryShipout initializing macros
Package caption Info: Begin \AtBeginDocument code.
Package caption Info: listings package is loaded.
Package caption Info: End \AtBeginDocument code.
\c@lstlisting=\count383
Package scrhack Info: undefining \float@addtolists on input line 15.
\openout2 = `chapter/titlepage.aux'.

 (chapter/titlepage.tex
\links=\skip98
<bilder/tud_logo_rgb.jpg, id=3, 338.9463pt x 54.6843pt>
File: bilder/tud_logo_rgb.jpg Graphic file (type jpg)
<use bilder/tud_logo_rgb.jpg>
Package pdftex.def Info: bilder/tud_logo_rgb.jpg  used on input line 9.
(pdftex.def)             Requested size: 227.62204pt x 36.72421pt.
LaTeX Font Info:    Trying to load font information for U+msa on input line 12.


("C:\Program Files\MiKTeX\tex/latex/amsfonts\umsa.fd"
File: umsa.fd 2013/01/14 v3.01 AMS symbols A
)
LaTeX Font Info:    Trying to load font information for U+msb on input line 12.


("C:\Program Files\MiKTeX\tex/latex/amsfonts\umsb.fd"
File: umsb.fd 2013/01/14 v3.01 AMS symbols B
) [1






{C:/Users/Lukas Bünger/AppData/Local/MiKTeX/pdftex/config/pdftex.map} <./bilde
r/tud_logo_rgb.jpg>])
[2




] (main.toc)
\tf@toc=\write4
\openout4 = `main.toc'.

 [1


] [2


]
\openout2 = `chapter/1.Introduction.aux'.

 (chapter/1.Introduction.tex
chapter 1.

LaTeX Warning: Citation `Abramowski:1991' on page 1 undefined on input line 11.



LaTeX Warning: Citation `Abramowski:1991' on page 1 undefined on input line 11.



LaTeX Warning: Citation `Muller:2011' on page 1 undefined on input line 11.


LaTeX Warning: Citation `Khronos:2012' on page 1 undefined on input line 11.


LaTeX Warning: Reference `Kapitel 2' on page 1 undefined on input line 11.


LaTeX Warning: Reference `Kapitel 2' on page 1 undefined on input line 11.


Underfull \hbox (badness 10000) in paragraph at lines 11--12

 []


LaTeX Warning: Citation `Nachname-Diplom:2012' on page 1 undefined on input lin
e 13.


LaTeX Warning: Citation `Nachname-Bachelor:2012' on page 1 undefined on input l
ine 13.


LaTeX Warning: Citation `Nachname-Master:2012' on page 1 undefined on input lin
e 13.

[1



]) [2]
\openout2 = `chapter/2.Game.aux'.

 (chapter/2.Game.tex
chapter 2.


pdfTeX warning: miktex-pdftex.exe (file ./bilder/Hauptmenü.pdf): PDF inclusion
: found PDF version <1.7>, but at most version <1.5> allowed
<bilder/Hauptmenü.pdf, id=89, 477.28313pt x 357.58594pt>
File: bilder/Hauptmenü.pdf Graphic file (type pdf)
<use bilder/Hauptmenü.pdf>
Package pdftex.def Info: bilder/Hauptmenü.pdf  used on input line 15.
(pdftex.def)             Requested size: 238.64098pt x 178.79253pt.


pdfTeX warning: miktex-pdftex.exe (file ./bilder/Einstellungen.pdf): PDF inclus
ion: found PDF version <1.7>, but at most version <1.5> allowed
<bilder/Einstellungen.pdf, id=91, 475.7775pt x 356.0803pt>
File: bilder/Einstellungen.pdf Graphic file (type pdf)
<use bilder/Einstellungen.pdf>
Package pdftex.def Info: bilder/Einstellungen.pdf  used on input line 22.
(pdftex.def)             Requested size: 237.88815pt x 178.03972pt.

Package caption Warning: The option `hypcap=true' will be ignored for this
(caption)                particular \caption on input line 23.
See the caption package documentation for explanation.



pdfTeX warning: miktex-pdftex.exe (file ./bilder/Highscore.pdf): PDF inclusion:
 found PDF version <1.7>, but at most version <1.5> allowed
<bilder/Highscore.pdf, id=93, 476.53032pt x 358.33875pt>
File: bilder/Highscore.pdf Graphic file (type pdf)
<use bilder/Highscore.pdf>
Package pdftex.def Info: bilder/Highscore.pdf  used on input line 30.
(pdftex.def)             Requested size: 238.26457pt x 179.16893pt.

Package caption Warning: The option `hypcap=true' will be ignored for this
(caption)                particular \caption on input line 31.
See the caption package documentation for explanation.


Overfull \hbox (42.68173pt too wide) in paragraph at lines 19--38
[]$ 
 []


Underfull \hbox (badness 10000) in paragraph at lines 19--38

 []


Underfull \hbox (badness 10000) in paragraph at lines 19--38

 []


Underfull \hbox (badness 10000) in paragraph at lines 19--38

 []


Underfull \hbox (badness 10000) in paragraph at lines 19--38

 []


Overfull \hbox (42.68173pt too wide) in paragraph at lines 19--38
[]$ 
 []


Underfull \hbox (badness 10000) in paragraph at lines 19--38

 []


Underfull \hbox (badness 10000) in paragraph at lines 19--38

 []


Underfull \vbox (badness 10000) has occurred while \output is active []

 [3






 <./bilder/Hauptmenü.pdf>]
Underfull \vbox (badness 10000) has occurred while \output is active []

 [4 <./bilder/Einstellungen.pdf> <./bilder/Highscore.pdf>]

pdfTeX warning: miktex-pdftex.exe (file ./bilder/Einzelspielermodus.pdf): PDF i
nclusion: found PDF version <1.7>, but at most version <1.5> allowed
<bilder/Einzelspielermodus.pdf, id=116, 476.53032pt x 356.83313pt>
File: bilder/Einzelspielermodus.pdf Graphic file (type pdf)
<use bilder/Einzelspielermodus.pdf>
Package pdftex.def Info: bilder/Einzelspielermodus.pdf  used on input line 45.
(pdftex.def)             Requested size: 238.26457pt x 178.41612pt.


pdfTeX warning: miktex-pdftex.exe (file ./bilder/Mehrspielermodus.pdf): PDF inc
lusion: found PDF version <1.7>, but at most version <1.5> allowed
<bilder/Mehrspielermodus.pdf, id=117, 475.7775pt x 356.0803pt>
File: bilder/Mehrspielermodus.pdf Graphic file (type pdf)
<use bilder/Mehrspielermodus.pdf>
Package pdftex.def Info: bilder/Mehrspielermodus.pdf  used on input line 60.
(pdftex.def)             Requested size: 237.88815pt x 178.03972pt.

Package caption Warning: The option `hypcap=true' will be ignored for this
(caption)                particular \caption on input line 61.
See the caption package documentation for explanation.


Underfull \hbox (badness 10000) in paragraph at lines 56--66

 []


Underfull \vbox (badness 10000) has occurred while \output is active []

 [5 <./bilder/Einzelspielermodus.pdf>]

pdfTeX warning: miktex-pdftex.exe (file ./bilder/Spielende.pdf): PDF inclusion:
 found PDF version <1.7>, but at most version <1.5> allowed
<bilder/Spielende.pdf, id=126, 473.51906pt x 355.3275pt>
File: bilder/Spielende.pdf Graphic file (type pdf)
<use bilder/Spielende.pdf>
Package pdftex.def Info: bilder/Spielende.pdf  used on input line 74.
(pdftex.def)             Requested size: 236.75894pt x 177.6633pt.

Package caption Warning: The option `hypcap=true' will be ignored for this
(caption)                particular \caption on input line 75.
See the caption package documentation for explanation.


Overfull \hbox (42.68173pt too wide) in paragraph at lines 70--80
[]$ 
 []


Underfull \hbox (badness 10000) in paragraph at lines 70--80

 []


Underfull \vbox (badness 10000) has occurred while \output is active []

 [6 <./bilder/Mehrspielermodus.pdf>]) [7 <./bilder/Spielende.pdf>] [8



]
\openout2 = `chapter/3.Structure.aux'.


(chapter/3.Structure.tex
chapter 3.
) [9



] [10



]
\openout2 = `chapter/4.GameLogic.aux'.

 (chapter/4.GameLogic.tex
chapter 4.

Overfull \hbox (31.05763pt too wide) in paragraph at lines 8--10
\OT1/cmr/m/n/10.95 In die-sem Ka-pi-tel ge-hen wir auf die Haupt-funk-ti-on des
 ei-gent-li-chen Spie-la-b-laufs, $\OML/cmm/m/it/10.95 vGameScreen\OT1/cmr/m/n/
10.95 ()$,
 []

)
Underfull \vbox (badness 4254) has occurred while \output is active []

 [11



]
[12]
\openout2 = `chapter/5.ProblemsSolutions.aux'.

 (chapter/5.ProblemsSolutions.tex
chapter 5.
[13






]) [14] [15] [16



]
\openout2 = `chapter/appendix.aux'.

 (chapter/appendix.tex) [17



] [18



] (main.lof)
\tf@lof=\write5
\openout5 = `main.lof'.

 [19] [20


]
(main.loa)
\tf@loa=\write6
\openout6 = `main.loa'.

 [21


] [22


] (main.lol)
\tf@lol=\write7
\openout7 = `main.lol'.

 [23


] [24


]
<Eidesstattliche_Versicherung.pdf, id=228, 597.23125pt x 845.1575pt>
File: Eidesstattliche_Versicherung.pdf Graphic file (type pdf)
<use Eidesstattliche_Versicherung.pdf>
Package pdftex.def Info: Eidesstattliche_Versicherung.pdf  used on input line 9
2.
(pdftex.def)             Requested size: 426.79135pt x 670.80502pt.
\tf@thm=\write8
\openout8 = `main.thm'.

Package atveryend Info: Empty hook `BeforeClearDocument' on input line 97.

Underfull \vbox (badness 10000) has occurred while \output is active []

 [25

]
Overfull \vbox (10.70108pt too high) has occurred while \output is active []


[26 <./Eidesstattliche_Versicherung.pdf>]
Package atveryend Info: Empty hook `AfterLastShipout' on input line 97.
 (main.aux (chapter/titlepage.aux)
(chapter/1.Introduction.aux) (chapter/2.Game.aux) (chapter/3.Structure.aux)
(chapter/4.GameLogic.aux) (chapter/5.ProblemsSolutions.aux)
(chapter/appendix.aux))
Package atveryend Info: Executing hook `AtVeryEndDocument' on input line 97.
Package atveryend Info: Executing hook `AtEndAfterFileList' on input line 97.
Package rerunfilecheck Info: File `main.out' has not changed.
(rerunfilecheck)             Checksum: D41D8CD98F00B204E9800998ECF8427E;0.


LaTeX Warning: There were undefined references.


LaTeX Warning: Label(s) may have changed. Rerun to get cross-references right.

Package atveryend Info: Empty hook `AtVeryVeryEnd' on input line 97.
 ) 
Here is how much of TeX's memory you used:
 18117 strings out of 481199
 311351 string characters out of 2915323
 743675 words of memory out of 3000000
 33260 multiletter control sequences out of 15000+200000
 544805 words of font info for 66 fonts, out of 3000000 for 9000
 1141 hyphenation exceptions out of 8191
 53i,11n,76p,10647b,474s stack positions out of 5000i,500n,10000p,200000b,50000s
pdfTeX warning (dest): name{algorithm.4.1} has been referenced but does not e
xist, replaced by a fixed one

pdfTeX warning (dest): name{figure.caption.5} has been referenced but does not 
exist, replaced by a fixed one

pdfTeX warning (dest): name{Hfootnote.1} has been referenced but does not exist
, replaced by a fixed one

pdfTeX warning (dest): name{chapter*.9} has been referenced but does not exist,
 replaced by a fixed one

pdfTeX warning (dest): name{chapter*.8} has been referenced but does not exist,
 replaced by a fixed one

<C:/Program Files/MiKTeX/fonts/type1/public/amsfonts/cm/cmbx10.pfb><C:/Program 
Files/MiKTeX/fonts/type1/public/amsfonts/cm/cmmi10.pfb><C:/Program Files/MiKTeX
/fonts/type1/public/amsfonts/cm/cmr10.pfb><C:/Program Files/MiKTeX/fonts/type1/
public/amsfonts/cm/cmr6.pfb><C:/Program Files/MiKTeX/fonts/type1/public/amsfont
s/cm/cmr8.pfb><C:/Program Files/MiKTeX/fonts/type1/public/amsfonts/cm/cmr9.pfb>
<C:/Program Files/MiKTeX/fonts/type1/public/amsfonts/cm/cmss10.pfb><C:/Program 
Files/MiKTeX/fonts/type1/public/amsfonts/cm/cmss12.pfb><C:/Program Files/MiKTeX
/fonts/type1/public/amsfonts/cm/cmssbx10.pfb><C:/Program Files/MiKTeX/fonts/typ
e1/public/amsfonts/cm/cmtt10.pfb>
Output written on main.pdf (30 pages, 480673 bytes).
PDF statistics:
 371 PDF objects out of 1000 (max. 8388607)
 68 named destinations out of 1000 (max. 500000)
 247 words of extra memory for PDF output out of 10000 (max. 10000000)

