\BOOKMARK [0][]{pdf:title.0}{Titelpage}{}% 1
\BOOKMARK [0][]{pdf:toc.0}{Table of Content}{}% 2
\BOOKMARK [0][]{chapter.1}{Einleitung}{}% 3
\BOOKMARK [1][-]{section.1.1}{Motivation und Hintergrund}{chapter.1}% 4
\BOOKMARK [1][-]{section.1.2}{Aufbau und Umgebung der Arbeit}{chapter.1}% 5
\BOOKMARK [0][]{chapter.2}{Spiel}{}% 6
\BOOKMARK [1][-]{section.2.1}{Spiel - Unterkapitel 1}{chapter.2}% 7
\BOOKMARK [1][-]{section.2.2}{Spiel - Unterkapitel 2}{chapter.2}% 8
\BOOKMARK [0][]{chapter.3}{Struktur}{}% 9
\BOOKMARK [1][-]{section.3.1}{Struktur - Unterkapitel 1}{chapter.3}% 10
\BOOKMARK [1][-]{section.3.2}{Struktur - Unterkapitel 2}{chapter.3}% 11
\BOOKMARK [0][]{chapter.4}{Spiel Logik}{}% 12
\BOOKMARK [1][-]{section.4.1}{Spiel Logik - Unterkapitel 1}{chapter.4}% 13
\BOOKMARK [1][-]{section.4.2}{Spiel Logik - Unterkapitel 2}{chapter.4}% 14
\BOOKMARK [0][]{chapter.5}{Probleme und L\366sungen}{}% 15
\BOOKMARK [1][-]{section.5.1}{Probleme und L\366sungen - Unterkapitel 1}{chapter.5}% 16
\BOOKMARK [1][-]{section.5.2}{Probleme und L\366sungen - Unterkapitel 2}{chapter.5}% 17
\BOOKMARK [0][]{chapter*.10}{List of Figures }{}% 18
\BOOKMARK [0][]{chapter*.11}{List of Algorithms}{}% 19
\BOOKMARK [0][]{chapter*.12}{List of Source Codes}{}% 20
\BOOKMARK [0][]{chapter*.12}{Eidesstattliche Versicherung}{}% 21
