Determining if the pthread_create exist failed with the following output:
Change Dir: /home/dilsan/Schreibtisch/Universitaet/8.UniSS20/Fachprojekt/SnakeRTOSEmulator/build/CMakeFiles/CMakeTmp

Run Build Command:"/usr/bin/make" "cmTC_a64b1/fast"
/usr/bin/make -f CMakeFiles/cmTC_a64b1.dir/build.make CMakeFiles/cmTC_a64b1.dir/build
make[1]: Verzeichnis „/home/dilsan/Schreibtisch/Universitaet/8.UniSS20/Fachprojekt/SnakeRTOSEmulator/build/CMakeFiles/CMakeTmp“ wird betreten
Building C object CMakeFiles/cmTC_a64b1.dir/CheckSymbolExists.c.o
/usr/bin/cc    -o CMakeFiles/cmTC_a64b1.dir/CheckSymbolExists.c.o   -c /home/dilsan/Schreibtisch/Universitaet/8.UniSS20/Fachprojekt/SnakeRTOSEmulator/build/CMakeFiles/CMakeTmp/CheckSymbolExists.c
Linking C executable cmTC_a64b1
/usr/bin/cmake -E cmake_link_script CMakeFiles/cmTC_a64b1.dir/link.txt --verbose=1
/usr/bin/cc      CMakeFiles/cmTC_a64b1.dir/CheckSymbolExists.c.o  -o cmTC_a64b1 
CMakeFiles/cmTC_a64b1.dir/CheckSymbolExists.c.o: In Funktion »main«:
CheckSymbolExists.c:(.text+0x1b): Warnung: undefinierter Verweis auf »pthread_create«
collect2: error: ld returned 1 exit status
CMakeFiles/cmTC_a64b1.dir/build.make:97: recipe for target 'cmTC_a64b1' failed
make[1]: *** [cmTC_a64b1] Error 1
make[1]: Verzeichnis „/home/dilsan/Schreibtisch/Universitaet/8.UniSS20/Fachprojekt/SnakeRTOSEmulator/build/CMakeFiles/CMakeTmp“ wird verlassen
Makefile:126: recipe for target 'cmTC_a64b1/fast' failed
make: *** [cmTC_a64b1/fast] Error 2

File /home/dilsan/Schreibtisch/Universitaet/8.UniSS20/Fachprojekt/SnakeRTOSEmulator/build/CMakeFiles/CMakeTmp/CheckSymbolExists.c:
/* */
#include <pthread.h>

int main(int argc, char** argv)
{
  (void)argv;
#ifndef pthread_create
  return ((int*)(&pthread_create))[argc];
#else
  (void)argc;
  return 0;
#endif
}

Determining if the function pthread_create exists in the pthreads failed with the following output:
Change Dir: /home/dilsan/Schreibtisch/Universitaet/8.UniSS20/Fachprojekt/SnakeRTOSEmulator/build/CMakeFiles/CMakeTmp

Run Build Command:"/usr/bin/make" "cmTC_2ae18/fast"
/usr/bin/make -f CMakeFiles/cmTC_2ae18.dir/build.make CMakeFiles/cmTC_2ae18.dir/build
make[1]: Verzeichnis „/home/dilsan/Schreibtisch/Universitaet/8.UniSS20/Fachprojekt/SnakeRTOSEmulator/build/CMakeFiles/CMakeTmp“ wird betreten
Building C object CMakeFiles/cmTC_2ae18.dir/CheckFunctionExists.c.o
/usr/bin/cc   -DCHECK_FUNCTION_EXISTS=pthread_create   -o CMakeFiles/cmTC_2ae18.dir/CheckFunctionExists.c.o   -c /usr/share/cmake-3.10/Modules/CheckFunctionExists.c
Linking C executable cmTC_2ae18
/usr/bin/cmake -E cmake_link_script CMakeFiles/cmTC_2ae18.dir/link.txt --verbose=1
/usr/bin/cc  -DCHECK_FUNCTION_EXISTS=pthread_create    CMakeFiles/cmTC_2ae18.dir/CheckFunctionExists.c.o  -o cmTC_2ae18 -lpthreads 
/usr/bin/ld: -lpthreads kann nicht gefunden werden
collect2: error: ld returned 1 exit status
CMakeFiles/cmTC_2ae18.dir/build.make:97: recipe for target 'cmTC_2ae18' failed
make[1]: *** [cmTC_2ae18] Error 1
make[1]: Verzeichnis „/home/dilsan/Schreibtisch/Universitaet/8.UniSS20/Fachprojekt/SnakeRTOSEmulator/build/CMakeFiles/CMakeTmp“ wird verlassen
Makefile:126: recipe for target 'cmTC_2ae18/fast' failed
make: *** [cmTC_2ae18/fast] Error 2


